{
  "RSpec": {
    "coverage": {
      "/Users/tammam/codecore/may_2015/fundsy/spec/support/user_authentication_helper.rb": [
        1,
        null,
        1,
        2,
        2,
        2,
        2,
        null,
        null
      ],
      "/Users/tammam/codecore/may_2015/fundsy/app/controllers/campaigns_controller.rb": [
        1,
        1,
        1,
        null,
        1,
        6,
        null,
        null,
        1,
        3,
        null,
        null,
        1,
        7,
        7,
        7,
        5,
        null,
        2,
        null,
        null,
        null,
        1,
        null,
        null,
        1,
        6,
        null,
        null,
        1,
        7,
        null,
        4,
        null,
        3,
        3,
        null,
        null,
        null,
        1,
        3,
        3,
        null,
        null,
        1,
        null,
        1,
        16,
        null,
        null,
        1,
        14,
        null,
        null,
        null
      ],
      "/Users/tammam/codecore/may_2015/fundsy/app/controllers/application_controller.rb": [
        1,
        null,
        null,
        1,
        null,
        1,
        84,
        null,
        1,
        null,
        1,
        33,
        null,
        null,
        1,
        53,
        null,
        1,
        null
      ],
      "/Users/tammam/codecore/may_2015/fundsy/spec/controllers/pledges_controller_spec.rb": [
        1,
        null,
        1,
        7,
        6,
        null,
        1,
        1,
        1,
        1,
        1,
        null,
        null,
        null,
        1,
        6,
        null,
        1,
        1,
        3,
        null,
        null,
        1,
        4,
        null,
        null,
        1,
        4,
        null,
        null,
        1,
        1,
        1,
        null,
        null,
        null,
        null,
        1,
        1,
        2,
        null,
        1,
        4,
        null,
        null,
        1,
        1,
        1,
        null,
        null,
        null,
        null,
        null,
        null
      ],
      "/Users/tammam/codecore/may_2015/fundsy/app/controllers/pledges_controller.rb": [
        1,
        1,
        null,
        1,
        5,
        5,
        5,
        5,
        5,
        3,
        null,
        2,
        null,
        null,
        null
      ],
      "/Users/tammam/codecore/may_2015/fundsy/spec/controllers/sessions_controller_spec.rb": [
        1,
        null,
        1,
        1,
        1,
        1,
        1,
        null,
        null,
        null,
        1,
        1,
        null,
        null,
        1,
        3,
        null,
        null,
        3,
        null,
        null,
        1,
        1,
        null,
        null,
        1,
        1,
        null,
        null,
        1,
        1,
        null,
        null,
        null,
        1,
        1,
        3,
        3,
        null,
        null,
        1,
        1,
        1,
        null,
        null,
        1,
        1,
        1,
        null,
        null,
        1,
        1,
        1,
        null,
        null,
        1,
        1,
        1,
        null,
        null,
        null,
        null
      ],
      "/Users/tammam/codecore/may_2015/fundsy/app/controllers/sessions_controller.rb": [
        1,
        1,
        null,
        null,
        1,
        11,
        11,
        6,
        6,
        null,
        5,
        5,
        null,
        null,
        null
      ],
      "/Users/tammam/codecore/may_2015/fundsy/spec/controllers/users_controller_spec.rb": [
        1,
        null,
        1,
        1,
        1,
        null,
        null,
        null,
        null,
        1,
        null,
        null,
        1,
        null,
        null,
        1,
        1,
        null,
        null,
        null,
        null,
        null,
        1,
        null,
        null,
        null,
        1,
        null,
        1,
        1,
        4,
        null,
        null,
        null,
        null,
        1,
        null,
        null,
        null,
        null,
        null,
        null,
        4,
        null,
        null,
        1,
        1,
        1,
        null,
        null,
        1,
        1,
        1,
        null,
        null,
        1,
        1,
        1,
        null,
        null,
        null,
        1,
        1,
        2,
        null,
        null,
        null,
        1,
        1,
        1,
        null,
        null,
        1,
        4,
        null,
        null,
        null,
        null,
        null
      ],
      "/Users/tammam/codecore/may_2015/fundsy/app/controllers/users_controller.rb": [
        1,
        1,
        7,
        null,
        null,
        1,
        7,
        7,
        5,
        5,
        null,
        2,
        null,
        null,
        null,
        1,
        null,
        1,
        7,
        null,
        null,
        null,
        null
      ],
      "/Users/tammam/codecore/may_2015/fundsy/spec/features/campaigns_spec.rb": [
        1,
        null,
        1,
        3,
        2,
        null,
        1,
        1,
        1,
        1,
        null,
        null,
        1,
        1,
        1,
        null,
        null,
        1,
        1,
        1,
        null,
        null,
        1,
        null,
        null,
        2,
        null,
        1,
        1,
        1,
        null,
        null,
        null,
        1,
        3,
        null,
        1,
        1,
        1,
        null,
        null,
        1,
        1,
        1,
        null,
        null,
        null,
        null,
        null,
        1,
        1,
        1,
        1,
        1,
        null,
        1,
        null,
        1,
        1,
        1,
        null,
        1,
        1,
        null,
        1,
        1,
        null,
        null,
        null,
        null,
        1,
        1,
        1,
        1,
        null,
        1,
        null,
        1,
        1,
        null,
        1,
        1,
        null,
        null,
        null,
        null,
        null
      ],
      "/Users/tammam/codecore/may_2015/fundsy/spec/features/sessions_spec.rb": [
        1,
        null,
        1,
        3,
        null,
        1,
        1,
        1,
        1,
        null,
        1,
        1,
        1,
        null,
        1,
        1,
        1,
        null,
        null,
        1,
        1,
        1,
        null,
        1,
        1,
        1,
        null,
        1,
        1,
        null,
        null,
        null,
        null,
        null
      ],
      "/Users/tammam/codecore/may_2015/fundsy/spec/features/users_spec.rb": [
        1,
        null,
        1,
        1,
        1,
        1,
        null,
        1,
        null,
        null,
        null,
        1,
        null,
        null,
        1,
        1,
        1,
        1,
        1,
        null,
        1,
        null,
        1,
        null,
        1,
        1,
        null,
        null,
        null,
        null,
        null,
        null,
        null,
        null
      ],
      "/Users/tammam/codecore/may_2015/fundsy/spec/models/campaign_spec.rb": [
        1,
        null,
        1,
        1,
        1,
        null,
        null,
        6,
        null,
        null,
        1,
        null,
        1,
        null,
        null,
        null,
        null,
        null,
        null,
        1,
        null,
        null,
        1,
        1,
        1,
        null,
        null,
        1,
        1,
        1,
        1,
        null,
        null,
        1,
        1,
        1,
        null,
        null,
        1,
        null,
        1,
        null,
        null,
        1,
        1,
        null,
        null,
        1,
        null,
        null,
        null,
        null
      ],
      "/Users/tammam/codecore/may_2015/fundsy/app/models/campaign.rb": [
        1,
        1,
        1,
        null,
        1,
        1,
        1,
        null
      ],
      "/Users/tammam/codecore/may_2015/fundsy/spec/models/pledge_spec.rb": [
        1,
        null,
        1,
        1,
        null
      ],
      "/Users/tammam/codecore/may_2015/fundsy/app/models/pledge.rb": [
        1,
        1,
        1,
        null,
        1,
        null,
        null
      ],
      "/Users/tammam/codecore/may_2015/fundsy/spec/models/user_spec.rb": [
        1,
        null,
        1,
        1,
        null,
        null,
        7,
        null,
        null,
        null,
        1,
        null,
        1,
        1,
        1,
        null,
        null,
        1,
        1,
        1,
        1,
        null,
        null,
        1,
        1,
        1,
        1,
        null,
        null,
        1,
        1,
        null,
        1,
        null,
        null,
        null,
        1,
        1,
        1,
        null,
        1,
        null,
        null,
        1,
        1,
        null,
        1,
        null,
        null,
        null,
        null,
        1,
        1,
        1,
        null,
        1,
        null,
        null,
        null
      ],
      "/Users/tammam/codecore/may_2015/fundsy/app/models/user.rb": [
        1,
        1,
        null,
        1,
        null,
        1,
        1,
        null,
        1,
        null,
        1,
        12,
        null,
        null,
        null
      ]
    },
    "timestamp": 1436219096
  }
}
